23:38:41.355 [qtp65583344-26] ERROR com.taskroo.user.server.ExceptionListener$ExceptionRequestEventListener - Found exception for requestType: ON_EXCEPTION
org.glassfish.jersey.server.internal.process.MappableException: javax.validation.ConstraintViolationException
	at org.glassfish.jersey.server.model.internal.AbstractJavaResourceMethodDispatcher.invoke(AbstractJavaResourceMethodDispatcher.java:181) ~[jersey-server-2.11.jar:?]
	at org.glassfish.jersey.server.model.internal.JavaResourceMethodDispatcherProvider$ResponseOutInvoker.doDispatch(JavaResourceMethodDispatcherProvider.java:152) ~[jersey-server-2.11.jar:?]
	at org.glassfish.jersey.server.model.internal.AbstractJavaResourceMethodDispatcher.dispatch(AbstractJavaResourceMethodDispatcher.java:104) ~[jersey-server-2.11.jar:?]
	at org.glassfish.jersey.server.model.ResourceMethodInvoker.invoke(ResourceMethodInvoker.java:387) ~[jersey-server-2.11.jar:?]
	at org.glassfish.jersey.server.model.ResourceMethodInvoker.apply(ResourceMethodInvoker.java:331) ~[jersey-server-2.11.jar:?]
	at org.glassfish.jersey.server.model.ResourceMethodInvoker.apply(ResourceMethodInvoker.java:103) ~[jersey-server-2.11.jar:?]
	at org.glassfish.jersey.server.ServerRuntime$1.run(ServerRuntime.java:271) [jersey-server-2.11.jar:?]
	at org.glassfish.jersey.internal.Errors$1.call(Errors.java:271) [jersey-common-2.11.jar:?]
	at org.glassfish.jersey.internal.Errors$1.call(Errors.java:267) [jersey-common-2.11.jar:?]
	at org.glassfish.jersey.internal.Errors.process(Errors.java:315) [jersey-common-2.11.jar:?]
	at org.glassfish.jersey.internal.Errors.process(Errors.java:297) [jersey-common-2.11.jar:?]
	at org.glassfish.jersey.internal.Errors.process(Errors.java:267) [jersey-common-2.11.jar:?]
	at org.glassfish.jersey.process.internal.RequestScope.runInScope(RequestScope.java:297) [jersey-common-2.11.jar:?]
	at org.glassfish.jersey.server.ServerRuntime.process(ServerRuntime.java:254) [jersey-server-2.11.jar:?]
	at org.glassfish.jersey.server.ApplicationHandler.handle(ApplicationHandler.java:1028) [jersey-server-2.11.jar:?]
	at org.glassfish.jersey.servlet.WebComponent.service(WebComponent.java:372) [jersey-container-servlet-core-2.11.jar:?]
	at org.glassfish.jersey.servlet.ServletContainer.service(ServletContainer.java:381) [jersey-container-servlet-core-2.11.jar:?]
	at org.glassfish.jersey.servlet.ServletContainer.service(ServletContainer.java:344) [jersey-container-servlet-core-2.11.jar:?]
	at org.glassfish.jersey.servlet.ServletContainer.service(ServletContainer.java:221) [jersey-container-servlet-core-2.11.jar:?]
	at org.eclipse.jetty.servlet.ServletHolder.handle(ServletHolder.java:769) [jetty-servlet-9.2.3.v20140905.jar:9.2.3.v20140905]
	at org.eclipse.jetty.servlet.ServletHandler.doHandle(ServletHandler.java:585) [jetty-servlet-9.2.3.v20140905.jar:9.2.3.v20140905]
	at org.eclipse.jetty.server.handler.ScopedHandler.handle(ScopedHandler.java:143) [jetty-server-9.2.3.v20140905.jar:9.2.3.v20140905]
	at org.eclipse.jetty.security.SecurityHandler.handle(SecurityHandler.java:577) [jetty-security-9.2.3.v20140905.jar:9.2.3.v20140905]
	at org.eclipse.jetty.server.session.SessionHandler.doHandle(SessionHandler.java:223) [jetty-server-9.2.3.v20140905.jar:9.2.3.v20140905]
	at org.eclipse.jetty.server.handler.ContextHandler.doHandle(ContextHandler.java:1125) [jetty-server-9.2.3.v20140905.jar:9.2.3.v20140905]
	at org.eclipse.jetty.servlet.ServletHandler.doScope(ServletHandler.java:515) [jetty-servlet-9.2.3.v20140905.jar:9.2.3.v20140905]
	at org.eclipse.jetty.server.session.SessionHandler.doScope(SessionHandler.java:185) [jetty-server-9.2.3.v20140905.jar:9.2.3.v20140905]
	at org.eclipse.jetty.server.handler.ContextHandler.doScope(ContextHandler.java:1059) [jetty-server-9.2.3.v20140905.jar:9.2.3.v20140905]
	at org.eclipse.jetty.server.handler.ScopedHandler.handle(ScopedHandler.java:141) [jetty-server-9.2.3.v20140905.jar:9.2.3.v20140905]
	at org.eclipse.jetty.server.handler.ContextHandlerCollection.handle(ContextHandlerCollection.java:215) [jetty-server-9.2.3.v20140905.jar:9.2.3.v20140905]
	at org.eclipse.jetty.server.handler.HandlerCollection.handle(HandlerCollection.java:110) [jetty-server-9.2.3.v20140905.jar:9.2.3.v20140905]
	at org.eclipse.jetty.server.handler.HandlerWrapper.handle(HandlerWrapper.java:97) [jetty-server-9.2.3.v20140905.jar:9.2.3.v20140905]
	at org.eclipse.jetty.server.Server.handle(Server.java:497) [jetty-server-9.2.3.v20140905.jar:9.2.3.v20140905]
	at org.eclipse.jetty.server.HttpChannel.handle(HttpChannel.java:311) [jetty-server-9.2.3.v20140905.jar:9.2.3.v20140905]
	at org.eclipse.jetty.server.HttpConnection.onFillable(HttpConnection.java:248) [jetty-server-9.2.3.v20140905.jar:9.2.3.v20140905]
	at org.eclipse.jetty.io.AbstractConnection$2.run(AbstractConnection.java:540) [jetty-io-9.2.3.v20140905.jar:9.2.3.v20140905]
	at org.eclipse.jetty.util.thread.QueuedThreadPool.runJob(QueuedThreadPool.java:610) [jetty-util-9.2.3.v20140905.jar:9.2.3.v20140905]
	at org.eclipse.jetty.util.thread.QueuedThreadPool$3.run(QueuedThreadPool.java:539) [jetty-util-9.2.3.v20140905.jar:9.2.3.v20140905]
	at java.lang.Thread.run(Thread.java:744) [?:1.8.0]
Caused by: javax.validation.ConstraintViolationException
	at org.glassfish.jersey.server.validation.internal.ConfiguredValidatorImpl.validateResourceAndInputParams(ConfiguredValidatorImpl.java:143) ~[jersey-bean-validation-2.11.jar:?]
	at org.glassfish.jersey.server.model.internal.AbstractJavaResourceMethodDispatcher.invoke(AbstractJavaResourceMethodDispatcher.java:139) ~[jersey-server-2.11.jar:?]
	... 38 more
